<?xml version="1.0" encoding="utf-8" standalone="no"?>
<test-results xmlns:xsi="http://www.w3.org/2001/XMLSchema-instance" xsi:noNamespaceSchemaLocation="nunit_schema_2.5.xsd" name="Pester" total="9" errors="0" failures="1" not-run="0" inconclusive="0" ignored="0" skipped="0" invalid="0" date="2021-02-23" time="17:59:00">
  <environment clr-version="Unknown" user="gallen" machine-name="SLZ-GALLEN-LT" os-version="10.0.19041" nunit-version="2.5.8.0" user-domain="EU" platform="Microsoft Windows 10 Enterprise|C:\WINDOWS|\Device\Harddisk0\Partition4" cwd="C:\Store\waf-azure-templates\Quickstart-WAF-HA-AS-1NIC-ELB" />
  <culture-info current-culture="en-GB" current-uiculture="en-US" />
  <test-suite type="TestFixture" name="Pester" executed="True" result="Failure" success="False" time="645.3949" asserts="0" description="Pester">
    <results>
      <test-suite type="TestFixture" name="C:\Store\waf-azure-templates\Quickstart-WAF-HA-AS-1NIC-ELB\test\azuredeploy.tests.ps1" executed="True" result="Failure" success="False" time="645.3949" asserts="0" description="C:\Store\waf-azure-templates\Quickstart-WAF-HA-AS-1NIC-ELB\test\azuredeploy.tests.ps1">
        <results>
          <test-suite type="TestFixture" name="[Quickstart-WAF-HA-AS-1NIC-ELB] Template validation &amp; test" executed="True" result="Failure" success="False" time="645.3685" asserts="0" description="[Quickstart-WAF-HA-AS-1NIC-ELB] Template validation &amp; test">
            <results>
              <test-suite type="TestFixture" name="[Quickstart-WAF-HA-AS-1NIC-ELB] Template validation" executed="True" result="Failure" success="False" time="0.2928" asserts="0" description="[Quickstart-WAF-HA-AS-1NIC-ELB] Template validation">
                <results>
                  <test-case description="Has a JSON template" name="[Quickstart-WAF-HA-AS-1NIC-ELB] Template validation &amp; test.[Quickstart-WAF-HA-AS-1NIC-ELB] Template validation.Has a JSON template" time="0.0047" asserts="0" success="True" result="Success" executed="True" />
                  <test-case description="Has a parameters file" name="[Quickstart-WAF-HA-AS-1NIC-ELB] Template validation &amp; test.[Quickstart-WAF-HA-AS-1NIC-ELB] Template validation.Has a parameters file" time="0.0047" asserts="0" success="True" result="Success" executed="True" />
                  <test-case description="Has a metadata file" name="[Quickstart-WAF-HA-AS-1NIC-ELB] Template validation &amp; test.[Quickstart-WAF-HA-AS-1NIC-ELB] Template validation.Has a metadata file" time="0.0144" asserts="0" success="True" result="Success" executed="True" />
                  <test-case description="Converts from JSON and has the expected properties" name="[Quickstart-WAF-HA-AS-1NIC-ELB] Template validation &amp; test.[Quickstart-WAF-HA-AS-1NIC-ELB] Template validation.Converts from JSON and has the expected properties" time="0.02" asserts="0" success="True" result="Success" executed="True" />
                  <test-case description="Creates the expected Azure resources" name="[Quickstart-WAF-HA-AS-1NIC-ELB] Template validation &amp; test.[Quickstart-WAF-HA-AS-1NIC-ELB] Template validation.Creates the expected Azure resources" time="0.0325" asserts="0" success="False" result="Failure" executed="True">
                    <failure>
                      <message>Expected @('Microsoft.Authorization/roleAssignments', 'Microsoft.Compute/availabilitySets'), but got @('Microsoft.Authorization/roleAssignments', 'Microsoft.Compute/availabilitySets', 'Microsoft.Network/publicIPAddresses', 'Microsoft.Network/virtualNetworks', 'Microsoft.Network/networkSecurityGroups', 'Microsoft.Network/networkInterfaces', 'Microsoft.Network/loadBalancers', 'Microsoft.Network/loadBalancers/inboundNatRules', 'Microsoft.Network/loadBalancers/inboundNatRules', 'Microsoft.Compute/virtualMachines').</message>
                      <stack-trace>at &lt;ScriptBlock&gt;, C:\Store\waf-azure-templates\Quickstart-WAF-HA-AS-1NIC-ELB\test\azuredeploy.tests.ps1: line 76
76:             $templateResources | Should Be $expectedResources</stack-trace>
                    </failure>
                  </test-case>
                  <test-case description="Contains the expected parameters" name="[Quickstart-WAF-HA-AS-1NIC-ELB] Template validation &amp; test.[Quickstart-WAF-HA-AS-1NIC-ELB] Template validation.Contains the expected parameters" time="0.0303" asserts="0" success="True" result="Success" executed="True" />
                </results>
              </test-suite>
              <test-suite type="TestFixture" name="[Quickstart-WAF-HA-AS-1NIC-ELB] Template test deployment" executed="True" result="Success" success="True" time="644.9986" asserts="0" description="[Quickstart-WAF-HA-AS-1NIC-ELB] Template test deployment">
                <results>
                  <test-case description="Test Deployment of ARM template azuredeploy.json with parameter file azuredeploy.parameters.json" name="[Quickstart-WAF-HA-AS-1NIC-ELB] Template validation &amp; test.[Quickstart-WAF-HA-AS-1NIC-ELB] Template test deployment.Test Deployment of ARM template azuredeploy.json with parameter file azuredeploy.parameters.json" time="3.8467" asserts="0" success="True" result="Success" executed="True" />
                  <test-case description="Deployment of ARM template azuredeploy.json with parameter file azuredeploy.parameters.json" name="[Quickstart-WAF-HA-AS-1NIC-ELB] Template validation &amp; test.[Quickstart-WAF-HA-AS-1NIC-ELB] Template test deployment.Deployment of ARM template azuredeploy.json with parameter file azuredeploy.parameters.json" time="177.89" asserts="0" success="True" result="Success" executed="True" />
                  <test-case description="Deployment in Azure validation" name="[Quickstart-WAF-HA-AS-1NIC-ELB] Template validation &amp; test.[Quickstart-WAF-HA-AS-1NIC-ELB] Template test deployment.Deployment in Azure validation" time="2.3641" asserts="0" success="True" result="Success" executed="True" />
                </results>
              </test-suite>
            </results>
          </test-suite>
        </results>
      </test-suite>
    </results>
  </test-suite>
</test-results>