<?xml version="1.0" encoding="utf-8" standalone="no"?>
<test-results xmlns:xsi="http://www.w3.org/2001/XMLSchema-instance" xsi:noNamespaceSchemaLocation="nunit_schema_2.5.xsd" name="Pester" total="9" errors="0" failures="0" not-run="0" inconclusive="0" ignored="0" skipped="0" invalid="0" date="2021-02-24" time="13:58:44">
  <environment clr-version="Unknown" user="gallen" machine-name="SLZ-GALLEN-LT" os-version="10.0.19041" nunit-version="2.5.8.0" user-domain="EU" platform="Microsoft Windows 10 Enterprise|C:\WINDOWS|\Device\Harddisk0\Partition4" cwd="C:\Store\waf-azure-templates\Custom-WAF-HA-AZ-1NIC-ELB-STD" />
  <culture-info current-culture="en-GB" current-uiculture="en-US" />
  <test-suite type="TestFixture" name="Pester" executed="True" result="Success" success="True" time="450.0674" asserts="0" description="Pester">
    <results>
      <test-suite type="TestFixture" name="C:\Store\waf-azure-templates\Custom-WAF-HA-AZ-1NIC-ELB-STD\test\azuredeploy.tests.ps1" executed="True" result="Success" success="True" time="450.0674" asserts="0" description="C:\Store\waf-azure-templates\Custom-WAF-HA-AZ-1NIC-ELB-STD\test\azuredeploy.tests.ps1">
        <results>
          <test-suite type="TestFixture" name="[Custom-WAF-HA-AZ-1NIC-ELB-STD] Template validation &amp; test" executed="True" result="Success" success="True" time="450.0468" asserts="0" description="[Custom-WAF-HA-AZ-1NIC-ELB-STD] Template validation &amp; test">
            <results>
              <test-suite type="TestFixture" name="[Custom-WAF-HA-AZ-1NIC-ELB-STD] Template validation" executed="True" result="Success" success="True" time="0.3557" asserts="0" description="[Custom-WAF-HA-AZ-1NIC-ELB-STD] Template validation">
                <results>
                  <test-case description="Has a JSON template" name="[Custom-WAF-HA-AZ-1NIC-ELB-STD] Template validation &amp; test.[Custom-WAF-HA-AZ-1NIC-ELB-STD] Template validation.Has a JSON template" time="0.0289" asserts="0" success="True" result="Success" executed="True" />
                  <test-case description="Has a parameters file" name="[Custom-WAF-HA-AZ-1NIC-ELB-STD] Template validation &amp; test.[Custom-WAF-HA-AZ-1NIC-ELB-STD] Template validation.Has a parameters file" time="0.0083" asserts="0" success="True" result="Success" executed="True" />
                  <test-case description="Has a metadata file" name="[Custom-WAF-HA-AZ-1NIC-ELB-STD] Template validation &amp; test.[Custom-WAF-HA-AZ-1NIC-ELB-STD] Template validation.Has a metadata file" time="0.0037" asserts="0" success="True" result="Success" executed="True" />
                  <test-case description="Converts from JSON and has the expected properties" name="[Custom-WAF-HA-AZ-1NIC-ELB-STD] Template validation &amp; test.[Custom-WAF-HA-AZ-1NIC-ELB-STD] Template validation.Converts from JSON and has the expected properties" time="0.042" asserts="0" success="True" result="Success" executed="True" />
                  <test-case description="Creates the expected Azure resources" name="[Custom-WAF-HA-AZ-1NIC-ELB-STD] Template validation &amp; test.[Custom-WAF-HA-AZ-1NIC-ELB-STD] Template validation.Creates the expected Azure resources" time="0.0243" asserts="0" success="True" result="Success" executed="True" />
                  <test-case description="Contains the expected parameters" name="[Custom-WAF-HA-AZ-1NIC-ELB-STD] Template validation &amp; test.[Custom-WAF-HA-AZ-1NIC-ELB-STD] Template validation.Contains the expected parameters" time="0.0417" asserts="0" success="True" result="Success" executed="True" />
                </results>
              </test-suite>
              <test-suite type="TestFixture" name="[Custom-WAF-HA-AZ-1NIC-ELB-STD] Template test deployment" executed="True" result="Success" success="True" time="449.5745" asserts="0" description="[Custom-WAF-HA-AZ-1NIC-ELB-STD] Template test deployment">
                <results>
                  <test-case description="Test Deployment of ARM template azuredeploy.json with parameter file azuredeploy.parameters.json" name="[Custom-WAF-HA-AZ-1NIC-ELB-STD] Template validation &amp; test.[Custom-WAF-HA-AZ-1NIC-ELB-STD] Template test deployment.Test Deployment of ARM template azuredeploy.json with parameter file azuredeploy.parameters.json" time="4.2558" asserts="0" success="True" result="Success" executed="True" />
                  <test-case description="Deployment of ARM template azuredeploy.json with parameter file azuredeploy.parameters.json" name="[Custom-WAF-HA-AZ-1NIC-ELB-STD] Template validation &amp; test.[Custom-WAF-HA-AZ-1NIC-ELB-STD] Template test deployment.Deployment of ARM template azuredeploy.json with parameter file azuredeploy.parameters.json" time="154.6383" asserts="0" success="True" result="Success" executed="True" />
                  <test-case description="Deployment in Azure validation" name="[Custom-WAF-HA-AZ-1NIC-ELB-STD] Template validation &amp; test.[Custom-WAF-HA-AZ-1NIC-ELB-STD] Template test deployment.Deployment in Azure validation" time="1.2357" asserts="0" success="True" result="Success" executed="True" />
                </results>
              </test-suite>
            </results>
          </test-suite>
        </results>
      </test-suite>
    </results>
  </test-suite>
</test-results>